C51 COMPILER V9.54   1_1                                                                   11/02/2021 01:01:58 PAGE 1   


C51 COMPILER V9.54, COMPILATION OF MODULE 1_1
OBJECT MODULE PLACED IN .\Objects\1-1.obj
COMPILER INVOKED BY: C:\Program Files\Keil_v5\C51\BIN\C51.EXE 1-1.c OPTIMIZE(8,SPEED) BROWSE DEBUG OBJECTEXTEND PRINT(.\
                    -Listings\1-1.lst) TABS(2) OBJECT(.\Objects\1-1.obj)

line level    source

   1          //#include "stdio.h"
   2          #include "reg51.h"
   3          //int TMOD, TH0, TL0, ET0, EA, TR0;
   4          int count;
   5          int num;
   6          int segArr[] = {0x3F, 0x06, 0x5B, 0x4F, 0x66, 0x6D, 0x7D, 0x07, 0x7F, 0x6F};
   7          
   8          void initCounter(){
   9   1          //printf("%d \n", 0x01);
  10   1          
  11   1          TMOD = 0x06; // 0000 0110   8位 自动重置定时计数器
  12   1          TH0 = (256 - 5); // 计数为 3  
  13   1          TL0 = (256 - 5);
  14   1          ET0 = 1; //定时器0 开启终中断
  15   1          EA = 1; // 开启总中断
  16   1          TR0 = 1; //启动定时器 0
  17   1      
  18   1      }
  19          
  20          void seg() {
  21   1          P2 = segArr[count];
  22   1          if(count == 10) {
  23   2            count =0;
  24   2          }
  25   1      }
  26          
  27          
  28          int main() {
  29   1          initCounter();
  30   1          while (1){
  31   2            seg();
  32   2          }
  33   1          return 0;
  34   1      }
  35          
  36          // 外部中断0: 0 ; 定时器中断1: 1; 外部中断1: 2; 定时器中1:3; 串口中断: 4;
  37          void countIser() interrupt 1{
  38   1          count++;
  39   1      }
  40          
*** WARNING C294 IN LINE 33 OF 1-1.c: unreachable code


MODULE INFORMATION:   STATIC OVERLAYABLE
   CODE SIZE        =     61    ----
   CONSTANT SIZE    =   ----    ----
   XDATA SIZE       =   ----    ----
   PDATA SIZE       =   ----    ----
   DATA SIZE        =     24    ----
   IDATA SIZE       =   ----    ----
   BIT SIZE         =   ----    ----
END OF MODULE INFORMATION.


C51 COMPILATION COMPLETE.  1 WARNING(S),  0 ERROR(S)
