C51 COMPILER V9.54   CRC16                                                                 04/12/2022 01:25:14 PAGE 1   


C51 COMPILER V9.54, COMPILATION OF MODULE CRC16
OBJECT MODULE PLACED IN .\Objects\CRC16.obj
COMPILER INVOKED BY: C:\Program Files\Keil_v5\C51\BIN\C51.EXE CRC16.c OPTIMIZE(8,SPEED) BROWSE DEBUG OBJECTEXTEND PRINT(
                    -.\Listings\CRC16.lst) TABS(2) OBJECT(.\Objects\CRC16.obj)

line level    source

   1          // #include “reg51.h”
   2          #include "crc16.h"
   3          // unsigned char tab[]={"a"};
   4          // /CRC16.c文件程序源代码/
   5          
   6          /* CRC16计算函数，ptr-数据指针，len-数据长度，返回值-计算出的CRC16数值 */
   7          //unsigned char code TabH;
   8          //unsigned char code TabL;
   9          unsigned int GetCRC16(unsigned char *ptr,  unsigned char len)
  10          {
  11   1          unsigned int index;
  12   1          unsigned char crch = 0xFF;  //高CRC字节
  13   1          unsigned char crcl = 0xFF;  //低CRC字节
  14   1      
  15   1          unsigned char code TabH[] = 
  16   1          {
  17   1              0x00,0xC1,0x81,0x40,0x01,0xC0,0x80,0x41,0x01,0xC0,
  18   1              0x80,0x41,0x00,0xC1,0x81,0x40,0x01,0xC0,0x80,0x41,
  19   1              0x00,0xC1,0x81,0x40,0x00,0xC1,0x81,0x40,0x01,0xC0,
  20   1              0x80,0x41,0x01,0xC0,0x80,0x41,0x00,0xC1,0x81,0x40,
  21   1              0x00,0xC1,0x81,0x40,0x01,0xC0,0x80,0x41,0x00,0xC1,
  22   1              0x81,0x40,0x01,0xC0,0x80,0x41,0x01,0xC0,0x80,0x41,
  23   1              0x00,0xC1,0x81,0x40,0x01,0xC0,0x80,0x41,0x00,0xC1,
  24   1              0x81,0x40,0x00,0xC1,0x81,0x40,0x01,0xC0,0x80,0x41,
  25   1              0x00,0xC1,0x81,0x40,0x01,0xC0,0x80,0x41,0x01,0xC0,
  26   1              0x80,0x41,0x00,0xC1,0x81,0x40,0x00,0xC1,0x81,0x40,
  27   1              0x01,0xC0,0x80,0x41,0x01,0xC0,0x80,0x41,0x00,0xC1,
  28   1              0x81,0x40,0x01,0xC0,0x80,0x41,0x00,0xC1,0x81,0x40,
  29   1              0x00,0xC1,0x81,0x40,0x01,0xC0,0x80,0x41,0x01,0xC0,
  30   1              0x80,0x41,0x00,0xC1,0x81,0x40,0x00,0xC1,0x81,0x40,
  31   1              0x01,0xC0,0x80,0x41,0x00,0xC1,0x81,0x40,0x01,0xC0,
  32   1              0x80,0x41,0x01,0xC0,0x80,0x41,0x00,0xC1,0x81,0x40,
  33   1              0x00,0xC1,0x81,0x40,0x01,0xC0,0x80,0x41,0x01,0xC0,
  34   1              0x80,0x41,0x00,0xC1,0x81,0x40,0x01,0xC0,0x80,0x41,
  35   1              0x00,0xC1,0x81,0x40,0x00,0xC1,0x81,0x40,0x01,0xC0,
  36   1              0x80,0x41,0x00,0xC1,0x81,0x40,0x01,0xC0,0x80,0x41,
  37   1              0x01,0xC0,0x80,0x41,0x00,0xC1,0x81,0x40,0x01,0xC0,
  38   1              0x80,0x41,0x00,0xC1,0x81,0x40,0x00,0xC1,0x81,0x40,
  39   1              0x01,0xC0,0x80,0x41,0x01,0xC0,0x80,0x41,0x00,0xC1,
  40   1              0x81,0x40,0x00,0xC1,0x81,0x40,0x01,0xC0,0x80,0x41,
  41   1              0x00,0xC1,0x81,0x40,0x01,0xC0,0x80,0x41,0x01,0xC0,
  42   1              0x80,0x41,0x00,0xC1,0x81,0x40
  43   1          };
  44   1      
  45   1          //CRC低位字节值表
  46   1          unsigned char code TabL[] = 
  47   1          {
  48   1              0x00,0xC0,0xC1,0x01,0xC3,0x03,0x02,0xC2,0xC6,0x06,
  49   1              0x07,0xC7,0x05,0xC5,0xC4,0x04,0xCC,0x0C,0x0D,0xCD,
  50   1              0x0F,0xCF,0xCE,0x0E,0x0A,0xCA,0xCB,0x0B,0xC9,0x09,
  51   1              0x08,0xC8,0xD8,0x18,0x19,0xD9,0x1B,0xDB,0xDA,0x1A,
  52   1              0x1E,0xDE,0xDF,0x1F,0xDD,0x1D,0x1C,0xDC,0x14,0xD4,
  53   1              0xD5,0x15,0xD7,0x17,0x16,0xD6,0xD2,0x12,0x13,0xD3,
  54   1              0x11,0xD1,0xD0,0x10,0xF0,0x30,0x31,0xF1,0x33,0xF3,
C51 COMPILER V9.54   CRC16                                                                 04/12/2022 01:25:14 PAGE 2   

  55   1              0xF2,0x32,0x36,0xF6,0xF7,0x37,0xF5,0x35,0x34,0xF4,
  56   1              0x3C,0xFC,0xFD,0x3D,0xFF,0x3F,0x3E,0xFE,0xFA,0x3A,
  57   1              0x3B,0xFB,0x39,0xF9,0xF8,0x38,0x28,0xE8,0xE9,0x29,
  58   1              0xEB,0x2B,0x2A,0xEA,0xEE,0x2E,0x2F,0xEF,0x2D,0xED,
  59   1              0xEC,0x2C,0xE4,0x24,0x25,0xE5,0x27,0xE7,0xE6,0x26,
  60   1              0x22,0xE2,0xE3,0x23,0xE1,0x21,0x20,0xE0,0xA0,0x60,
  61   1              0x61,0xA1,0x63,0xA3,0xA2,0x62,0x66,0xA6,0xA7,0x67,
  62   1              0xA5,0x65,0x64,0xA4,0x6C,0xAC,0xAD,0x6D,0xAF,0x6F,
  63   1              0x6E,0xAE,0xAA,0x6A,0x6B,0xAB,0x69,0xA9,0xA8,0x68,
  64   1              0x78,0xB8,0xB9,0x79,0xBB,0x7B,0x7A,0xBA,0xBE,0x7E,
  65   1              0x7F,0xBF,0x7D,0xBD,0xBC,0x7C,0xB4,0x74,0x75,0xB5,
  66   1              0x77,0xB7,0xB6,0x76,0x72,0xB2,0xB3,0x73,0xB1,0x71,
  67   1              0x70,0xB0,0x50,0x90,0x91,0x51,0x93,0x53,0x52,0x92,
  68   1              0x96,0x56,0x57,0x97,0x55,0x95,0x94,0x54,0x9C,0x5C,
  69   1              0x5D,0x9D,0x5F,0x9F,0x9E,0x5E,0x5A,0x9A,0x9B,0x5B,
  70   1              0x99,0x59,0x58,0x98,0x88,0x48,0x49,0x89,0x4B,0x8B,
  71   1              0x8A,0x4A,0x4E,0x8E,0x8F,0x4F,0x8D,0x4D,0x4C,0x8C,
  72   1              0x44,0x84,0x85,0x45,0x87,0x47,0x46,0x86,0x82,0x42,
  73   1              0x43,0x83,0x41,0x81,0x80,0x40
  74   1          };
  75   1      
  76   1          while (len--)  //计算指定长度的CRC
  77   1          {
  78   2              index = crch ^ *ptr++;
  79   2              crch = crcl ^ TabH[index];
  80   2              crcl = TabL[index];
  81   2          }
  82   1      
  83   1         
  84   1          return ((crch<<8) | crcl);  
  85   1      }                           


MODULE INFORMATION:   STATIC OVERLAYABLE
   CODE SIZE        =     73    ----
   CONSTANT SIZE    =    512    ----
   XDATA SIZE       =   ----    ----
   PDATA SIZE       =   ----    ----
   DATA SIZE        =   ----       4
   IDATA SIZE       =   ----    ----
   BIT SIZE         =   ----    ----
END OF MODULE INFORMATION.


C51 COMPILATION COMPLETE.  0 WARNING(S),  0 ERROR(S)
