C51 COMPILER V9.54   UART                                                                  04/12/2022 01:25:13 PAGE 1   


C51 COMPILER V9.54, COMPILATION OF MODULE UART
OBJECT MODULE PLACED IN .\Objects\uart.obj
COMPILER INVOKED BY: C:\Program Files\Keil_v5\C51\BIN\C51.EXE uart.c OPTIMIZE(8,SPEED) BROWSE DEBUG OBJECTEXTEND PRINT(.
                    -\Listings\uart.lst) TABS(2) OBJECT(.\Objects\uart.obj)

line level    source

   1          /**
   2           * @file uart.c
   3           * @author your name (you@domain.com)
   4           * @brief 
   5           * @version 0.1
   6           * @date 2022-04-07
   7           * 
   8           * @copyright Copyright (c) 2022
   9           * 
  10           */
  11          
  12          
  13          
  14          
  15          
  16          #include "reg51.h"
  17          #include "uart.h"
  18          #include "stdio.h"
  19          
  20          
  21          
  22          unsigned char start_time = 0;
  23          unsigned char recv_buf[MAX_REV_NUM];
  24          unsigned char recv_cnt = 0;
  25          unsigned char recv_timer_cnt;
  26          
  27          unsigned char recv_flag;
  28          unsigned char machine_step = 0;
  29          
  30          unsigned char led_data;
  31          
  32          
  33          unsigned char sum_check = 0;
  34          unsigned char xor_check = 0;
  35          unsigned char recv_data;
  36          
  37          
  38          void uartInit(void) {
  39   1          PCON &= 0x7F; // & 0111 1111
  40   1          // 串口 中断  8位 无教验位  波特率 
  41   1          SCON = 0x50;//  M0 M1 M2  GEN  TB8 RB8 TI RI  = 0101 0000
  42   1          ES = 1;// 串行口中断
  43   1          // 定时器 T1  工作在方式 3 8位可重载
  44   1          TMOD = 0x20;// GATE C/T M1 M0  GATE C/T M1 M0  = 0010 0000
  45   1          // 波特率 4800
  46   1          TH1 = 0xFA;
  47   1          TH1 = 0xFA;
  48   1          ET1 = 0;// 禁止定时器 中断 
  49   1          EA = 1;//开启总中断
  50   1          TR1 = 1;// 启动定时器 
  51   1      }
  52          
  53          
  54          // 方式 4 串口中断
C51 COMPILER V9.54   UART                                                                  04/12/2022 01:25:13 PAGE 2   

  55          void uart_ISR() interrupt 4 {
  56   1      
  57   1          
  58   1          if (RI)
  59   1          {
  60   2              RI = 0;
  61   2              // 接收一帧数据的时候  , 打开 软件 定时计数器(自定义的计数器)
  62   2              start_time = 1;
  63   2              if (recv_cnt < MAX_REV_NUM)
  64   2              {
  65   3                  recv_buf[recv_cnt] = SBUF;//接收数据缓冲区
  66   3                  recv_cnt++;
  67   3              } else {
  68   3                 recv_cnt = MAX_REV_NUM;
  69   3              }
  70   2              // 每接收一帧数据 后 都清零, 把定时计数 清零
  71   2              // 但当 不再进入到串口中断的时候，没有新的数据发送 过来, 在定时器中 
             -会不断累加， 超过 一定值的时候，判断接收的此数据包 结束
  72   2              recv_timer_cnt = 0;
  73   2              // recv_data = SBUF;
  74   2      
  75   2      
  76   2      
  77   2      
  78   2      
  79   2          }
  80   1          if(TI){
  81   2              // DelayXms(200);
  82   2              TI = 0;
  83   2          }
  84   1          
  85   1      }
  86          
  87          
  88          void sendByte(unsigned char dat){
  89   1          SBUF = dat;
  90   1          while (!TI); 
  91   1          // DelayXms(200);
  92   1          // TI = 0;
  93   1          
  94   1      }
  95          
  96          void sendString(unsigned char * dat){
  97   1          while (* dat != '\0' )
  98   1          {
  99   2              sendByte(* (dat++));
 100   2          }
 101   1      }
 102          
 103          // 重定向 printf 函数
 104          char putchar(char c){
 105   1          sendByte(c);
 106   1          return c;
 107   1      }
 108          
 109          // 清除 recv_buffer 
 110          void clear_recv_buffer(unsigned char * buf ){
 111   1          unsigned char i;
 112   1          for (i = 0; i < MAX_REV_NUM; i++)
 113   1          {
 114   2              buf[i]  = 0;
 115   2          }
C51 COMPILER V9.54   UART                                                                  04/12/2022 01:25:13 PAGE 3   

 116   1          
 117   1      
 118   1      }


MODULE INFORMATION:   STATIC OVERLAYABLE
   CODE SIZE        =    154    ----
   CONSTANT SIZE    =   ----    ----
   XDATA SIZE       =   ----    ----
   PDATA SIZE       =   ----    ----
   DATA SIZE        =     29       6
   IDATA SIZE       =   ----    ----
   BIT SIZE         =   ----    ----
END OF MODULE INFORMATION.


C51 COMPILATION COMPLETE.  0 WARNING(S),  0 ERROR(S)
