C51 COMPILER V9.54   IPS_RECEIVE_STRING_HEADER_COMMUNICATION_P                             04/06/2022 17:34:43 PAGE 1   


C51 COMPILER V9.54, COMPILATION OF MODULE IPS_RECEIVE_STRING_HEADER_COMMUNICATION_P
OBJECT MODULE PLACED IN .\Objects\ips_receive_string_header_communication_protocol.obj
COMPILER INVOKED BY: C:\Program Files\Keil_v5\C51\BIN\C51.EXE ips_receive_string_header_communication_protocol.c OPTIMIZ
                    -E(8,SPEED) BROWSE DEBUG OBJECTEXTEND PRINT(.\Listings\ips_receive_string_header_communication_protocol.lst) TABS(2) OBJE
                    -CT(.\Objects\ips_receive_string_header_communication_protocol.obj)

line level    source

   1          /**
   2           * @file ips_receive_string_header_communication_protocol.c
   3           * @author your name (you@domain.com)
   4           * @brief 
   5           * @version 0.1
   6           * @date 2022-04-06
   7           * 
   8           * @copyright Copyright (c) 2022
   9           * 
  10           */
  11          int main()
  12          {
  13   1          /* code */
  14   1          return 0;
  15   1      }
  16          


MODULE INFORMATION:   STATIC OVERLAYABLE
   CODE SIZE        =      4    ----
   CONSTANT SIZE    =   ----    ----
   XDATA SIZE       =   ----    ----
   PDATA SIZE       =   ----    ----
   DATA SIZE        =   ----    ----
   IDATA SIZE       =   ----    ----
   BIT SIZE         =   ----    ----
END OF MODULE INFORMATION.


C51 COMPILATION COMPLETE.  0 WARNING(S),  0 ERROR(S)
