C51 COMPILER V9.54   1_1                                                                   10/27/2021 00:17:53 PAGE 1   


C51 COMPILER V9.54, COMPILATION OF MODULE 1_1
OBJECT MODULE PLACED IN .\Objects\1-1.obj
COMPILER INVOKED BY: C:\Program Files\Keil_v5\C51\BIN\C51.EXE 1-1.c OPTIMIZE(8,SPEED) BROWSE DEBUG OBJECTEXTEND PRINT(.\
                    -Listings\1-1.lst) TABS(2) OBJECT(.\Objects\1-1.obj)

line level    source

   1          #include "reg51.h"
   2          //  0-9 数据是二进制转十六进制 
   3          char segArr[] = {0x3F, 0x06, 0x5B, 0x4F, 0x66, 0x6D, 0x7D, 0x07, 0x7F, 0x6F};
   4          //int segArr[] = {0011100, 0001110, 0011100, 0001110, 0001110, 0001110, 0001110, 0001110, 0001110, 0011100
             -};
   5          
   6          void delay(unsigned int n)
   7          {
   8   1        unsigned int i=0,j=0;
   9   1        for(i=0;i<n;i++)
  10   1        {
  11   2          for(j=0;j<1200;j++);
  12   2        } 
  13   1      }
  14          
  15          void seg() {
  16   1          int i;
  17   1          for(i=0;i< 10; i++) {
  18   2              P2 = segArr[i];
  19   2              delay(100);
  20   2          }
  21   1      }
  22          
  23          int main(){
  24   1          // printf("kingnan \n");
  25   1          while (1)
  26   1          {
  27   2              seg();
  28   2          }
  29   1          return 0;
  30   1      }
*** WARNING C294 IN LINE 29 OF 1-1.c: unreachable code


MODULE INFORMATION:   STATIC OVERLAYABLE
   CODE SIZE        =     66    ----
   CONSTANT SIZE    =   ----    ----
   XDATA SIZE       =   ----    ----
   PDATA SIZE       =   ----    ----
   DATA SIZE        =     10    ----
   IDATA SIZE       =   ----    ----
   BIT SIZE         =   ----    ----
END OF MODULE INFORMATION.


C51 COMPILATION COMPLETE.  1 WARNING(S),  0 ERROR(S)
