C51 COMPILER V9.54   IPS_RECEIVE                                                           04/02/2022 00:20:45 PAGE 1   


C51 COMPILER V9.54, COMPILATION OF MODULE IPS_RECEIVE
OBJECT MODULE PLACED IN .\Objects\ips_receive.obj
COMPILER INVOKED BY: C:\Program Files\Keil_v5\C51\BIN\C51.EXE ips_receive.c OPTIMIZE(8,SPEED) BROWSE DEBUG OBJECTEXTEND 
                    -PRINT(.\Listings\ips_receive.lst) TABS(2) OBJECT(.\Objects\ips_receive.obj)

line level    source

   1          /**
   2           * @file ips_receive.c
   3           * @author your name (you@domain.com)
   4           * @brief 
   5           * @version 0.1
   6           * @date 2022-04-01
   7           * 
   8           * @copyright Copyright (c) 2022
   9           * 
  10           */
  11          
  12          #include "reg51.h"
  13          #include "stdio.h"
  14          #include "uart.h"
  15          
  16          int main()
  17          {
  18   1          uartInit();
  19   1          printf("hellow world printf\r\n");
  20   1          while (1)
  21   1          {
  22   2              // 接收到的没数据 
  23   2              if(receive_data == 3){
  24   3                  break;
  25   3              }
  26   2          }
  27   1          printf("rev data\r\n");
  28   1          
  29   1          return 0;
  30   1      }
  31          


MODULE INFORMATION:   STATIC OVERLAYABLE
   CODE SIZE        =     30    ----
   CONSTANT SIZE    =     33    ----
   XDATA SIZE       =   ----    ----
   PDATA SIZE       =   ----    ----
   DATA SIZE        =   ----    ----
   IDATA SIZE       =   ----    ----
   BIT SIZE         =   ----    ----
END OF MODULE INFORMATION.


C51 COMPILATION COMPLETE.  0 WARNING(S),  0 ERROR(S)
