C51 COMPILER V9.54   UART                                                                  04/02/2022 00:20:45 PAGE 1   


C51 COMPILER V9.54, COMPILATION OF MODULE UART
OBJECT MODULE PLACED IN .\Objects\uart.obj
COMPILER INVOKED BY: C:\Program Files\Keil_v5\C51\BIN\C51.EXE uart.c OPTIMIZE(8,SPEED) BROWSE DEBUG OBJECTEXTEND PRINT(.
                    -\Listings\uart.lst) TABS(2) OBJECT(.\Objects\uart.obj)

line level    source

   1          /**
   2           * @file uart.c
   3           * @author your name (you@domain.com)
   4           * @brief 
   5           * @version 0.1
   6           * @date 2022-04-01
   7           * 
   8           * @copyright Copyright (c) 2022
   9           * 
  10           */
  11          
  12          
  13          #include "reg51.h"
  14          #include "uart.h"
  15          #include "stdio.h"
  16          
  17          
  18          
  19          unsigned char receive_data;
  20          
  21          
  22          
  23          void uartInit(void){
  24   1          PCON &= 0x7F; // & 0111 1111
  25   1          // 串口 中断  8位 无教验位  波特率 
  26   1          SCON = 0x50;//  M0 M1 M2  GEN  TB8 RB8 TI RI  = 0101 0000
  27   1          ES = 1;// 串行口中断
  28   1          // 定时器 T1  工作在方式 3 8位可重载
  29   1          TMOD = 0x20;// GATE C/T M1 M0  GATE C/T M1 M0  = 0010 0000
  30   1          // 波特率 4800
  31   1          TH1 = 0xFA;
  32   1          TH1 = 0xFA;
  33   1          ET1 = 0;// 禁止定时器 中断 
  34   1          EA = 1;//开启总中断
  35   1          TR1 = 1;// 启动定时器 
  36   1      }
  37          
  38          
  39          // 方式 4 串口中断
  40          void uart_ISR() interrupt 4 {
  41   1          // if(TI){
  42   1          //     // DelayXms(2000);
  43   1          //     DelayXms(50);
  44   1          //     TI = 0;
  45   1          //     // sendByte(0x87);
  46   1              
  47   1          // }
  48   1          if (RI)
  49   1          {
  50   2              RI = 0;
  51   2              // 接收数据 
  52   2              receive_data = SBUF;
  53   2              // receive_data = receive_data +1;
  54   2              // SBUF = receive_data;
C51 COMPILER V9.54   UART                                                                  04/02/2022 00:20:45 PAGE 2   

  55   2              // printf("%bd", receive_data);
  56   2          }
  57   1          if(TI){
  58   2              TI = 0;
  59   2          }
  60   1          
  61   1      }
  62          
  63          
  64          void sendByte(unsigned char dat){
  65   1          SBUF = dat;
  66   1          while (!TI); 
  67   1          // DelayXms(200);
  68   1          // TI = 0;
  69   1          
  70   1      }
  71          
  72          void sendString(unsigned char * dat){
  73   1          while (* dat != '\0' )
  74   1          {
  75   2              sendByte(* (dat++));
  76   2          }
  77   1      }
  78          
  79          // 重定向 printf 函数
  80          char putchar(char c){
  81   1          sendByte(c);
  82   1          return c;
  83   1      }
  84          


MODULE INFORMATION:   STATIC OVERLAYABLE
   CODE SIZE        =     87    ----
   CONSTANT SIZE    =   ----    ----
   XDATA SIZE       =   ----    ----
   PDATA SIZE       =   ----    ----
   DATA SIZE        =      1       3
   IDATA SIZE       =   ----    ----
   BIT SIZE         =   ----    ----
END OF MODULE INFORMATION.


C51 COMPILATION COMPLETE.  0 WARNING(S),  0 ERROR(S)
