C51 COMPILER V9.54   SPI                                                                   05/19/2022 00:47:56 PAGE 1   


C51 COMPILER V9.54, COMPILATION OF MODULE SPI
OBJECT MODULE PLACED IN .\Objects\SPI.obj
COMPILER INVOKED BY: C:\Program Files\Keil_v5\C51\BIN\C51.EXE SPI.c OPTIMIZE(8,SPEED) BROWSE DEBUG OBJECTEXTEND PRINT(.\
                    -Listings\SPI.lst) TABS(2) OBJECT(.\Objects\SPI.obj)

line level    source

   1          /**
   2           * @file SPI.c
   3           * @author your name (you@domain.com)
   4           * @brief 
   5           * @version 0.1
   6           * @date 2022-05-19
   7           * 
   8           * @copyright Copyright (c) 2022
   9           * 
  10           */
  11          
  12          #include "SPI.h"


MODULE INFORMATION:   STATIC OVERLAYABLE
   CODE SIZE        =   ----    ----
   CONSTANT SIZE    =   ----    ----
   XDATA SIZE       =   ----    ----
   PDATA SIZE       =   ----    ----
   DATA SIZE        =   ----    ----
   IDATA SIZE       =   ----    ----
   BIT SIZE         =   ----    ----
END OF MODULE INFORMATION.


C51 COMPILATION COMPLETE.  0 WARNING(S),  0 ERROR(S)
