C51 COMPILER V9.54   DS18B20                                                               01/26/2022 04:59:28 PAGE 1   


C51 COMPILER V9.54, COMPILATION OF MODULE DS18B20
OBJECT MODULE PLACED IN .\Objects\DS18B20.obj
COMPILER INVOKED BY: D:\Program Files\Keil_v5\C51\BIN\C51.EXE DS18B20.c OPTIMIZE(8,SPEED) BROWSE DEBUG OBJECTEXTEND PRIN
                    -T(.\Listings\DS18B20.lst) TABS(2) OBJECT(.\Objects\DS18B20.obj)

line level    source

   1          #include "reg51.h"
   2          // #include "stdio.h"
   3          
   4          
   5          
   6          // ------ lcd  start-----
   7          sbit RS=P3^0;
   8          sbit RW=P3^1;
   9          sbit E=P3^2;
  10          // sbit DQ=P3^3;
  11          unsigned int readtemp = 0;
  12          unsigned char str[]={"0123456789"};
  13          unsigned char s[]={"Temperature:"};
  14          
  15          
  16          // ------ lcd  end-----
  17          
  18          // æ¸©åº¦ä¼ æ„Ÿå™¨çš„
  19          sbit DQ = P3^3;
  20          
  21          
  22          
  23          // å»¶æ—¶å‡½æ•° å› ä¸º DS18B20å‡½æ•°çš„ æ—¶åº ä¸­çš„ åœ¨è¯»çš„0çš„æ¨¡å¼éœ€è¦ 15ms åœ¨è¯»1 çš„æƒ…å†µä¸‹é
             -œ€è¦ 5mså·¦å³
  24          void delay_18B20(unsigned int i){
  25   1          for (; i > 0; i--);
  26   1      }
  27          
  28          
  29          
  30          
  31          // åˆå§‹åŒ– DS18B20
  32          
  33          // ç²¾åº¦åˆ†ä¸º 9ã€10ã€11ã€12 ä½ï¼Œé»˜è®¤ 12ä½
  34          // åœ¨é…ç½®è¿‡ç¨‹ä¸­ ä¸€èˆ¬è·³è¿‡ROM æŒ‡ä»¤ç  OCCH
  35          // å¯åŠ¨æ¸©åº¦è½¬æ¢ æŒ‡ä»¤ 44H
  36          // è¯»æš‚å­˜å™¨ 0BEH 
  37          // é¦–å…ˆå°† æ•°æ®çº¿ä¸‹æ‹‰æŒç»­ æ—¶é—´ 480us-960us åŽç„¶åŽé‡Šæ”¾ï¼ˆæ‹‰é«˜ç”µå¹³ï¼‰DS18B20æ”¶åˆ°ä¿¡å·
             -åŽç­‰å¾…15-60uså·¦å³ åˆå§‹åŒ–æˆåŠŸï¼Œä¼šåœ¨ 12-60usåŽäº§ç”Ÿä¸€ä¸ªä½Žç”µå¹³ï¼Œä¿¡å·ä¼šæŒç»­ 60-240us
  38          void init_DS18B20(void){
  39   1          unsigned char x = 0;
  40   1          DQ = 1; 
  41   1          delay_18B20(8);//æ‹‰ä½Žç”µå¹³å‰ å…ˆä¿æŒé«˜ç”µå¹³ä¸€æ®µæ—¶é—´
  42   1          DQ = 0;
  43   1          delay_18B20(80);//æ‹‰ä½Žç”µå¹³ä¿æŒ 480us-960us åŽç„¶åŽé‡Šæ”¾ï¼ˆ
  44   1          DQ = 1; //æ‹‰é«˜ï¼Œç­‰å¾… DS18B20ååº”
  45   1          delay_18B20(14); // ç­‰å¾…12-60us åŽæŸ¥çœ‹æ•°æ®çº¿çš„çŠ¶æ€
  46   1          x = DQ;//å¦‚æžœ æ˜¯åˆå§‹åŒ–æˆåŠŸï¼Œé‚£ä¹ˆä¼šäº§ç”Ÿä¸€ä¸ªä½Žç”µå¹³ è‹¥X= 0è¡¨ç¤ºæˆåŠŸ
  47   1          delay_18B20(20); //60-240us
  48   1      
  49   1      }
  50          
  51          
  52          // è¯»æ—¶åº
C51 COMPILER V9.54   DS18B20                                                               01/26/2022 04:59:28 PAGE 2   

  53          // è¯»æ—¶åºåˆ†ä¸ºè¯»1å’Œè¯»0ï¼Œè¯»1ä¸¤ä¸ªè¿‡ç¨‹ï¼Œå½“è¦è¯»åŒºDS18B20çš„æ•°æ®æ—¶ï¼Œå…ˆå°†æ€»çº¿æ‹‰ä½Žï¼Œ
             -å¹¶ä¿æŒ 1us ç„¶åŽæ€»çº¿æ‹‰é«˜ï¼Œæ­¤æ—¶åº”å°½å¿«è¯»å–ï¼Œä»Žæ‹‰ä½Žåˆ°è¯»åŒºå¼•è„šçŠ¶æ€æ—¶é—´ä¸èƒ½è¶…è¿‡15us
  54          //è¯»1çš„æƒ…å†µä¸‹ï¼Œåªèƒ½å°†ç”µå¹³æ‹‰ä½Ž1usï¼Œè¯»0çš„æƒ…å†µä¸‹å¯ä»¥å°†ç”µå¹³æ‹‰ä½Žåˆ°15uså·¦å³ï¼Œä½†ä¸
             -èƒ½è¶…è¿‡ 15us
  55          unsigned char ReadOneChar(void){
  56   1          unsigned char i = 0;
  57   1          unsigned char dat = 0;
  58   1          for(i = 8;i > 0; i--){
  59   2              DQ = 0; //å…ˆæ‹‰ä½Žæ€»çº¿
  60   2              delay_18B20(8);
  61   2              dat >>= 1; //æ¯æ¬¡è¯»å–1ä½åŽï¼Œæ•°æ®å‘å³ç§»ä½ ï¼›ç§»ä½å¤„ç†çš„æ—¶é—´éœ€è¦1usä»¥ä¸Šï¼Œæ‰
             -€ä»¥ä¸éœ€è¦å†å»¶æ—¶
  62   2              DQ = 1; //æ‹‰é«˜æ€»çº¿
  63   2              delay_18B20(8);
  64   2              if(DQ == 1){ //å¦‚æžœDQæ˜¯1
  65   3                  dat |= 0x80; //æŠŠæ•°æ®ç¬¬ä¸€ä½å˜æˆé«˜ä½
  66   3                  delay_18B20(4); //ç­‰å¾…60us
  67   3              }
  68   2          }
  69   1          return (dat);
  70   1      }
  71          
  72          // å†™æ—¶åº
  73          // å†™æ—¶åºåŒ…å«å†™0å’Œ1ï¼Œ
  74          // å†™0çš„è¿‡ç¨‹ä¸­è¦æŠŠæ€»çº¿çš„æ—¶é—´æ‹‰ä½Ž60us ä¿è¯  DS18B20èƒ½åœ¨ 15us-45usä¹‹é—´æ­£ç¡®é‡‡æ ·I/Oæ€»
             -çº¿ä¸Šçš„ 0ç”µå¹³
  75          // åœ¨å†™ 1çš„æ—¶å€™è¦åœ¨15usä»¥å†…æ‹‰é«˜ç”µå¹³ï¼Œ
  76          void WriteOneChar(unsigned char dat){
  77   1          unsigned char i=0;
  78   1          for (i = 8; i > 0; i++) {
  79   2              DQ = 0;
  80   2              DQ = dat & 0x01;
  81   2              if(DQ) {
  82   3                  delay_18B20(1);
  83   3                  DQ = 1;
  84   3              } else {
  85   3                  delay_18B20(5);
  86   3                  DQ = 1;
  87   3              }
  88   2              // ä¾‹å¦‚5>>=1,é¦–å…ˆå°†5è½¬æ¢ä¸º2è¿›åˆ¶ï¼Œç»“æžœæ˜¯0101ï¼Œå³ç§»ä¸€ä½å°±æˆäº†0010ï¼Œè½¬æ¢å›žå
             -è¿›åˆ¶å°±æˆäº†2äº†ï¼Œå°±è¿™æ ·
  89   2              dat >>= 1;
  90   2          }
  91   1      }
  92          
  93          // è¯»å– æ¸©åº¦ä¿¡æ¯
  94          unsigned char ReadTemperature(){
  95   1          unsigned char a = 0,b = 0;
  96   1          unsigned int temp = 0;
  97   1          // åˆå§‹åŒ–
  98   1          init_DS18B20();
  99   1          // å†™å…¥æ•°æ® 
 100   1          WriteOneChar(0xCC); // è·³è¿‡è¯»åºåˆ—å·æ“ä½œ
 101   1          WriteOneChar(0x44); // å¯åŠ¨æ¸©åº¦è½¬æ¢
 102   1          delay_18B20(100); //ç­‰å¾…ä¸€æ®µæ—¶é—´åŽå†è¿›è¡Œåˆå§‹åŒ– ï¼Ÿï¼Ÿ
 103   1          init_DS18B20();  // åˆå§‹åŒ–
 104   1          WriteOneChar(0xCC); //å†ä¸€æ¬¡è·³è¿‡è¯»åºåˆ—å·
 105   1          WriteOneChar(0xBE); // è¯»å–æ¸©åº¦å¯„å­˜å™¨
 106   1          delay_18B20(100); // å†æ¬¡ ç­‰å¾…ä¸€æ®µæ—¶é—´
 107   1          a = ReadOneChar(); //è¯»å–æ¸©åº¦çš„ ä½Žä½
 108   1          b = ReadOneChar(); //è¯»å–æ¸©åº¦çš„ é«˜ä½
 109   1          //å› ä¸ºè¯»å–åˆ°çš„æ•°æ®æ˜¯äºŒè¿›åˆ¶çš„ 
C51 COMPILER V9.54   DS18B20                                                               01/26/2022 04:59:28 PAGE 3   

 110   1          // é‡‡é›†çš„æ¸©åº¦é™¤16å¾—åˆ°å®žé™…æ¸©åº¦, å› ä¸ºåªé‡‡é›†åˆ°12ä½æ•°æ®ï¼Œé«˜å››ä½æ˜¯æ²¡æœ‰æ•°æ®çš„
 111   1          temp = ((b * 256 + a) >> 4); 
 112   1          return(temp -10);
 113   1      }
 114          
 115          // ------ lcd ------------
 116          
 117          void delay(unsigned int n)
 118          {
 119   1        unsigned int i=0,j=0;
 120   1        for(i=0;i<n;i++)
 121   1        {
 122   2          for(j=0;j<120;j++);
 123   2        }
 124   1      }
 125          
 126          
 127          void writedat(unsigned char dat)
 128          {
 129   1        RS=1;
 130   1        RW=0;
 131   1        E=0;
 132   1        P1=dat;
 133   1        delay(5);
 134   1        E=1;
 135   1        E=0;
 136   1      }
 137          
 138          void writecom(unsigned char com)
 139          {
 140   1        RS=0;
 141   1        RW=0;
 142   1        E=0;
 143   1        P1=com;
 144   1        delay(5);
 145   1        E=1;
 146   1        E=0;
 147   1      }
 148          
 149          void initlcd()
 150          {
 151   1        writecom(0x38);
 152   1        writecom(0x0c);
 153   1        writecom(0x06);
 154   1        writecom(0x01);
 155   1      }
 156          
 157          void display()
 158          {
 159   1        unsigned char temp0=0,temp1=0,temp2=0,i=0;
 160   1        temp0=readtemp/100;
 161   1        temp1=(readtemp%100)/10;
 162   1        temp2=readtemp%10;
 163   1        
 164   1        writecom(0x80);
 165   1        delay(5);
 166   1        while(s[i]!='\0')
 167   1        {
 168   2          writedat(s[i]);
 169   2          delay(5);
 170   2          i++;
 171   2        }
C51 COMPILER V9.54   DS18B20                                                               01/26/2022 04:59:28 PAGE 4   

 172   1        writecom(0x80+0x40+6);
 173   1        writedat(str[temp0]);
 174   1        delay(5);
 175   1        writedat(str[temp1]);
 176   1        delay(5);
 177   1        writedat(str[temp2]);
 178   1        delay(5);
 179   1        writedat('C');
 180   1        delay(5);
 181   1      }
 182          
 183          
 184          // ------ lcd  end-----
 185          
 186          
 187          
 188          int main()
 189          {
 190   1          // printf("hellow world");
 191   1          initlcd();
 192   1          while (1)
 193   1          {
 194   2              /* code */
 195   2              // readt
 196   2            readtemp=ReadTemperature();
 197   2            display();
 198   2      
 199   2      
 200   2          }
 201   1          
 202   1          /* code */
 203   1          // return 0;
 204   1      }
 205          


MODULE INFORMATION:   STATIC OVERLAYABLE
   CODE SIZE        =    434    ----
   CONSTANT SIZE    =   ----    ----
   XDATA SIZE       =   ----    ----
   PDATA SIZE       =   ----    ----
   DATA SIZE        =     26       3
   IDATA SIZE       =   ----    ----
   BIT SIZE         =   ----    ----
END OF MODULE INFORMATION.


C51 COMPILATION COMPLETE.  0 WARNING(S),  0 ERROR(S)
