C51 COMPILER V9.54   1_1                                                                   11/03/2021 22:13:21 PAGE 1   


C51 COMPILER V9.54, COMPILATION OF MODULE 1_1
OBJECT MODULE PLACED IN .\Objects\1-1.obj
COMPILER INVOKED BY: C:\Program Files\Keil_v5\C51\BIN\C51.EXE 1-1.c OPTIMIZE(8,SPEED) BROWSE DEBUG OBJECTEXTEND PRINT(.\
                    -Listings\1-1.lst) TABS(2) OBJECT(.\Objects\1-1.obj)

line level    source

   1          
   2          #include "reg51.h"
   3          
   4          // int IT0, EX0, EA;
   5          int segArr[] = {0x3F, 0x06, 0x5B, 0x4F, 0x66, 0x6D, 0x7D, 0x07, 0x7F, 0x6F};
   6          
   7          int num;
   8          // 外部中断
   9          void initex() {
  10   1          IT0 = 1;  //  外部中断的出发方式1 边沿出发 , 因位init0 和int1 的是低电平有效，所以出发方式1 代表的意思
             -就是 下降沿触发
  11   1          EX0 = 1;  // 外部中断 INT0 的中断 EX1 为INT0的中断
  12   1          EA = 1;  // 总控中断
  13   1      }
  14          
  15          
  16          void seg() {
  17   1          P2 = segArr[num];
  18   1          if(num==10) {
  19   2              num = 0;
  20   2          }
  21   1      }
  22          
  23          
  24          int main()
  25          {
  26   1          initex();
  27   1          while(1){
  28   2            seg();
  29   2          }
  30   1          
  31   1          return 0;
  32   1      }
  33           
  34          // 定时器 0 的中断
  35          void exIsr() interrupt 0 {
  36   1          // 每次进入中断让  num++
  37   1          num++;
  38   1      }
*** WARNING C294 IN LINE 31 OF 1-1.c: unreachable code


MODULE INFORMATION:   STATIC OVERLAYABLE
   CODE SIZE        =     52    ----
   CONSTANT SIZE    =   ----    ----
   XDATA SIZE       =   ----    ----
   PDATA SIZE       =   ----    ----
   DATA SIZE        =     22    ----
   IDATA SIZE       =   ----    ----
   BIT SIZE         =   ----    ----
END OF MODULE INFORMATION.


C51 COMPILATION COMPLETE.  1 WARNING(S),  0 ERROR(S)
