C51 COMPILER V9.54   DELAY                                                                 03/29/2022 23:36:36 PAGE 1   


C51 COMPILER V9.54, COMPILATION OF MODULE DELAY
OBJECT MODULE PLACED IN .\Objects\delay.obj
COMPILER INVOKED BY: C:\Program Files\Keil_v5\C51\BIN\C51.EXE ..\ips_printf_experiment\delay.c OPTIMIZE(8,SPEED) BROWSE 
                    -DEBUG OBJECTEXTEND PRINT(.\Listings\delay.lst) TABS(2) OBJECT(.\Objects\delay.obj)

line level    source

   1          /**
   2           * @file delay.c
   3           * @author your name (you@domain.com)
   4           * @brief 延时函数
   5           * @version 0.1
   6           * @date 2022-03-20
   7           * 
   8           * @copyright Copyright (c) 2022
   9           * 
  10           */
  11          
  12          void DelayXms(unsigned int xms){
  13   1          unsigned int i, j;
  14   1          for (i = xms; i > 0; i--)
  15   1          {
  16   2              for (j = 124; j > 0; j--);
  17   2          }
  18   1          
  19   1      }


MODULE INFORMATION:   STATIC OVERLAYABLE
   CODE SIZE        =     30    ----
   CONSTANT SIZE    =   ----    ----
   XDATA SIZE       =   ----    ----
   PDATA SIZE       =   ----    ----
   DATA SIZE        =   ----    ----
   IDATA SIZE       =   ----    ----
   BIT SIZE         =   ----    ----
END OF MODULE INFORMATION.


C51 COMPILATION COMPLETE.  0 WARNING(S),  0 ERROR(S)
