C51 COMPILER V9.54   UART                                                                  03/29/2022 00:48:31 PAGE 1   


C51 COMPILER V9.54, COMPILATION OF MODULE UART
OBJECT MODULE PLACED IN .\Objects\uart.obj
COMPILER INVOKED BY: C:\Program Files\Keil_v5\C51\BIN\C51.EXE uart.c OPTIMIZE(8,SPEED) BROWSE DEBUG OBJECTEXTEND PRINT(.
                    -\Listings\uart.lst) TABS(2) OBJECT(.\Objects\uart.obj)

line level    source

   1          /**
   2           * @file uart.c
   3           * @author your name (you@domain.com)
   4           * @brief 
   5           * @version 0.1
   6           * @date 2022-03-28
   7           * 
   8           * @copyright Copyright (c) 2022
   9           * 
  10           */
  11           
  12          #include "reg51.h"
  13          #include "uart.h"
  14          
  15          
  16          #include "delay.h"


MODULE INFORMATION:   STATIC OVERLAYABLE
   CODE SIZE        =   ----    ----
   CONSTANT SIZE    =   ----    ----
   XDATA SIZE       =   ----    ----
   PDATA SIZE       =   ----    ----
   DATA SIZE        =   ----    ----
   IDATA SIZE       =   ----    ----
   BIT SIZE         =   ----    ----
END OF MODULE INFORMATION.


C51 COMPILATION COMPLETE.  0 WARNING(S),  0 ERROR(S)
