C51 COMPILER V9.54   IPS_RECEIVE_STRING                                                    04/06/2022 00:35:34 PAGE 1   


C51 COMPILER V9.54, COMPILATION OF MODULE IPS_RECEIVE_STRING
OBJECT MODULE PLACED IN .\Objects\ips_receive_string.obj
COMPILER INVOKED BY: C:\Program Files\Keil_v5\C51\BIN\C51.EXE ips_receive_string.c OPTIMIZE(8,SPEED) BROWSE DEBUG OBJECT
                    -EXTEND PRINT(.\Listings\ips_receive_string.lst) TABS(2) OBJECT(.\Objects\ips_receive_string.obj)

line level    source

   1          /**
   2           * @file ips_receive_string.c
   3           * @author your name (you@domain.com)
   4           * @brief 
   5           * @version 0.1
   6           * @date 2022-04-03
   7           * 
   8           * @copyright Copyright (c) 2022
   9           * 
  10           */
  11          
  12          
  13          #include "reg51.h"
  14          #include "uart.h"
  15          #include "stdio.h"
  16          #include <string.h>
  17          
  18          
  19           unsigned char i;
  20          
  21          int main()
  22          {
  23   1          uartInit();
  24   1          printf("receive string of message\r\n");
  25   1          
  26   1          while (1)
  27   1          {
  28   2              if(recv_flag == 1){
  29   3                  recv_flag = 0;
  30   3                  // 发送会给上位机
  31   3                  // sendString(recv_buf);
  32   3      
  33   3      
  34   3      
  35   3                  // for (i = 0; i < recv_buf_length; i++)
  36   3                  // {
  37   3                  //     sendByte(recv_buf[i]);
  38   3                  // }
  39   3                  // printf("sizeof == %d", strlen(recv_buf) );
  40   3                  for (i = 0; i < strlen(recv_buf); i++)
  41   3                  {
  42   4                      sendByte(recv_buf[i]);
  43   4                  }
  44   3      
  45   3      
  46   3              }
  47   2          }
  48   1          // return 0;
  49   1      }
  50          


MODULE INFORMATION:   STATIC OVERLAYABLE
   CODE SIZE        =     53    ----
C51 COMPILER V9.54   IPS_RECEIVE_STRING                                                    04/06/2022 00:35:34 PAGE 2   

   CONSTANT SIZE    =     28    ----
   XDATA SIZE       =   ----    ----
   PDATA SIZE       =   ----    ----
   DATA SIZE        =      1    ----
   IDATA SIZE       =   ----    ----
   BIT SIZE         =   ----    ----
END OF MODULE INFORMATION.


C51 COMPILATION COMPLETE.  0 WARNING(S),  0 ERROR(S)
