C51 COMPILER V9.54   UART                                                                  04/08/2022 00:28:13 PAGE 1   


C51 COMPILER V9.54, COMPILATION OF MODULE UART
OBJECT MODULE PLACED IN .\Objects\uart.obj
COMPILER INVOKED BY: C:\Program Files\Keil_v5\C51\BIN\C51.EXE uart.c OPTIMIZE(8,SPEED) BROWSE DEBUG OBJECTEXTEND PRINT(.
                    -\Listings\uart.lst) TABS(2) OBJECT(.\Objects\uart.obj)

line level    source

   1          /**
   2           * @file uart.c
   3           * @author your name (you@domain.com)
   4           * @brief 
   5           * @version 0.1
   6           * @date 2022-04-07
   7           * 
   8           * @copyright Copyright (c) 2022
   9           * 
  10           */
  11          
  12          
  13          
  14          
  15          
  16          #include "reg51.h"
  17          #include "uart.h"
  18          #include "stdio.h"
  19          
  20          
  21          
  22          unsigned char start_time = 0;
  23          unsigned char recv_buf[MAX_REV_NUM];
  24          unsigned char recv_cnt = 0;
  25          unsigned char recv_timer_cnt;
  26          
  27          unsigned char recv_flag;
  28          unsigned char machine_step = 0;
  29          
  30          unsigned char led_data;
  31          
  32          
  33          void uartInit(void) {
  34   1          PCON &= 0x7F; // & 0111 1111
  35   1          // ‰∏≤Âè£ ‰∏≠Êñ≠  8‰Ωç Êó†ÊïôÈ™å‰Ωç  Ê≥¢ÁâπÁéá 
  36   1          SCON = 0x50;//  M0 M1 M2  GEN  TB8 RB8 TI RI  = 0101 0000
  37   1          ES = 1;// ‰∏≤Ë°åÂè£‰∏≠Êñ≠
  38   1          // ÂÆöÊó∂Âô® T1  Â∑•‰ΩúÂú®ÊñπÂºè 3 8‰ΩçÂèØÈáçËΩΩ
  39   1          TMOD = 0x20;// GATE C/T M1 M0  GATE C/T M1 M0  = 0010 0000
  40   1          // Ê≥¢ÁâπÁéá 4800
  41   1          TH1 = 0xFA;
  42   1          TH1 = 0xFA;
  43   1          ET1 = 0;// Á¶ÅÊ≠¢ÂÆöÊó∂Âô® ‰∏≠Êñ≠ 
  44   1          EA = 1;//ÂºÄÂêØÊÄª‰∏≠Êñ≠
  45   1          TR1 = 1;// ÂêØÂä®ÂÆöÊó∂Âô® 
  46   1      }
  47          
  48          
  49          // ÊñπÂºè 4 ‰∏≤Âè£‰∏≠Êñ≠
  50          void uart_ISR() interrupt 4 {
  51   1      
  52   1          
  53   1          if (RI)
  54   1          {
C51 COMPILER V9.54   UART                                                                  04/08/2022 00:28:13 PAGE 2   

  55   2              RI = 0;
  56   2              // Êé•Êî∂‰∏ÄÂ∏ßÊï∞ÊçÆÁöÑÊó∂ÂÄô  , ÊâìÂºÄ ËΩØ‰ª∂ ÂÆöÊó∂ËÆ°Êï∞Âô®(Ëá™ÂÆö‰πâÁöÑËÆ°Êï∞Âô®)
  57   2              // start_time = 1;
  58   2              // if (recv_cnt < MAX_REV_NUM)
  59   2              // {
  60   2              //     recv_buf[recv_cnt] = SBUF;//Êé•Êî∂Êï∞ÊçÆÁºìÂÜ≤Âå∫
  61   2              //     recv_cnt++;
  62   2              // } else {
  63   2              //    recv_cnt = MAX_REV_NUM;
  64   2              // }
  65   2              // // ÊØèÊé•Êî∂‰∏ÄÂ∏ßÊï∞ÊçÆ Âêé ÈÉΩÊ∏ÖÈõ∂, ÊääÂÆöÊó∂ËÆ°Êï∞ Ê∏ÖÈõ∂
  66   2              // // ‰ΩÜÂΩì ‰∏çÂÜçËøõÂÖ•Âà∞‰∏≤Âè£‰∏≠Êñ≠ÁöÑÊó∂ÂÄôÔºåÊ≤°ÊúâÊñ∞ÁöÑÊï∞ÊçÆÂèëÈÄÅ ËøáÊù•, Âú®ÂÆöÊó∂Âô®‰
             -∏≠ ‰ºö‰∏çÊñ≠Á¥ØÂä†Ôºå Ë∂ÖËøá ‰∏ÄÂÆöÂÄºÁöÑÊó∂ÂÄôÔºåÂà§Êñ≠Êé•Êî∂ÁöÑÊ≠§Êï∞ÊçÆÂåÖ ÁªìÊùü
  67   2              // recv_timer_cnt = 0;
  68   2              // recv_data = SBUF;
  69   2      
  70   2      
  71   2              switch (machine_step) {
  72   3      
  73   3                  case 0:
  74   3                      recv_buf[0] = SBUF;
  75   3                      if(recv_buf[0] == 0xAA){
  76   4                          machine_step = 1;
  77   4                          // recv_cnt = 2;
  78   4                      } else{
  79   4                          machine_step = 0;
  80   4                      }
  81   3                      break;
  82   3      
  83   3                  case 1:
  84   3                      recv_buf[1] = SBUF;
  85   3                      if(recv_buf[1] == 0x55){
  86   4                          machine_step = 2;
  87   4                          recv_cnt = 2;
  88   4                      } else{
  89   4                          machine_step = 0;
  90   4                      }
  91   3                      break;
  92   3      
  93   3                  case 2:
  94   3                      recv_buf[recv_cnt] = SBUF;
  95   3                      // printf("recv_buf[recv_cnt] = %d", recv_buf[recv_cnt]);
  96   3                      recv_cnt++;
  97   3                      if(recv_cnt > 4){
  98   4                          machine_step = 3;
  99   4                      } else {
 100   4                          machine_step = 2;
 101   4                      }
 102   3                      break;
 103   3      
 104   3                  case 3:
 105   3                      recv_buf[recv_cnt] = SBUF;
 106   3                      // printf("recv_buf[recv_cnt] = %d", recv_buf[recv_cnt]);
 107   3                      if(recv_buf[recv_cnt] == 0x0D) {
 108   4                          switch (recv_buf[2]) {
 109   5                              case 1:
 110   5                                  led_data = recv_buf[3];
 111   5                                  led_data = led_data << 8;
 112   5                                  led_data = led_data + recv_buf[4];
 113   5                                  // printf("led_data = %d", led_data);
 114   5                                  recv_buf[6] = 0x01;
 115   5                                  break;
C51 COMPILER V9.54   UART                                                                  04/08/2022 00:28:13 PAGE 3   

 116   5                              case 2:
 117   5                                  // printf("0x02");
 118   5                                  recv_buf[6] = 0x02;
 119   5                                  break;
 120   5                              default:
 121   5                                  break;
 122   5                          }
 123   4                          
 124   4                          machine_step = 0;
 125   4                          recv_cnt = 0;
 126   4                          recv_flag = 1;
 127   4                      }
 128   3      
 129   3                      break;
 130   3      
 131   3                  default:
 132   3                      break;
 133   3              }
 134   2      
 135   2          }
 136   1          if(TI){
 137   2              // DelayXms(200);
 138   2              TI = 0;
 139   2          }
 140   1          
 141   1      }
 142          
 143          
 144          void sendByte(unsigned char dat){
 145   1          SBUF = dat;
 146   1          while (!TI); 
 147   1          // DelayXms(200);
 148   1          // TI = 0;
 149   1          
 150   1      }
 151          
 152          void sendString(unsigned char * dat){
 153   1          while (* dat != '\0' )
 154   1          {
 155   2              sendByte(* (dat++));
 156   2          }
 157   1      }
 158          
 159          // ÈáçÂÆöÂêë printf ÂáΩÊï∞
 160          char putchar(char c){
 161   1          sendByte(c);
 162   1          return c;
 163   1      }
 164          
 165          // Ê∏ÖÈô§ recv_buffer 
 166          void clear_recv_buffer(unsigned char * buf ){
 167   1          unsigned char i;
 168   1          for (i = 0; i < MAX_REV_NUM; i++)
 169   1          {
 170   2              buf[i]  = 0;
 171   2          }
 172   1          
 173   1      
 174   1      }


MODULE INFORMATION:   STATIC OVERLAYABLE
C51 COMPILER V9.54   UART                                                                  04/08/2022 00:28:13 PAGE 4   

   CODE SIZE        =    261    ----
   CONSTANT SIZE    =   ----    ----
   XDATA SIZE       =   ----    ----
   PDATA SIZE       =   ----    ----
   DATA SIZE        =     26       6
   IDATA SIZE       =   ----    ----
   BIT SIZE         =   ----    ----
END OF MODULE INFORMATION.


C51 COMPILATION COMPLETE.  0 WARNING(S),  0 ERROR(S)
