C51 COMPILER V9.54   SPI                                                                   04/14/2022 00:38:03 PAGE 1   


C51 COMPILER V9.54, COMPILATION OF MODULE SPI
OBJECT MODULE PLACED IN .\Objects\spi.obj
COMPILER INVOKED BY: C:\Program Files\Keil_v5\C51\BIN\C51.EXE spi.c OPTIMIZE(8,SPEED) BROWSE DEBUG OBJECTEXTEND PRINT(.\
                    -Listings\spi.lst) TABS(2) OBJECT(.\Objects\spi.obj)

line level    source

   1          /**
   2           * @file spi.c
   3           * @author your name (you@domain.com)
   4           * @brief spi 总线
   5           * @version 0.1
   6           * @date 2022-04-14
   7           * 
   8           * @copyright Copyright (c) 2022
   9           * 
  10           */


MODULE INFORMATION:   STATIC OVERLAYABLE
   CODE SIZE        =   ----    ----
   CONSTANT SIZE    =   ----    ----
   XDATA SIZE       =   ----    ----
   PDATA SIZE       =   ----    ----
   DATA SIZE        =   ----    ----
   IDATA SIZE       =   ----    ----
   BIT SIZE         =   ----    ----
END OF MODULE INFORMATION.


C51 COMPILATION COMPLETE.  0 WARNING(S),  0 ERROR(S)
